<?xml version="1.0" encoding="UTF-8"?>
<!-- Generated by org.testng.reporters.JUnitXMLReporter -->
<testsuite ignored="0" hostname="LAPTOP-DR7M9M5N" failures="0" tests="1" name="Default test" time="0.093" errors="0" timestamp="2022-07-06T21:05:26 IST">
  <testcase classname="kiteTest.ValidateKiteUserIdUsingProperty" name="@BeforeClass launchBrowser" time="0.049">
    <failure type="java.lang.NullPointerException">
      <![CDATA[java.lang.NullPointerException
at kiteTest.ValidateKiteUserIdUsingProperty.launchBrowser(ValidateKiteUserIdUsingProperty.java:40)
at java.base/jdk.internal.reflect.NativeMethodAccessorImpl.invoke0(Native Method)
at java.base/jdk.internal.reflect.NativeMethodAccessorImpl.invoke(NativeMethodAccessorImpl.java:62)
at java.base/jdk.internal.reflect.DelegatingMethodAccessorImpl.invoke(DelegatingMethodAccessorImpl.java:43)
at java.base/java.lang.reflect.Method.invoke(Method.java:566)
at org.testng.internal.MethodInvocationHelper.invokeMethod(MethodInvocationHelper.java:133)
at org.testng.internal.MethodInvocationHelper.invokeMethodConsideringTimeout(MethodInvocationHelper.java:62)
at org.testng.internal.ConfigInvoker.invokeConfigurationMethod(ConfigInvoker.java:385)
at org.testng.internal.ConfigInvoker.invokeConfigurations(ConfigInvoker.java:321)
at org.testng.internal.TestMethodWorker.invokeBeforeClassMethods(TestMethodWorker.java:176)
at org.testng.internal.TestMethodWorker.run(TestMethodWorker.java:122)
at java.base/java.util.ArrayList.forEach(ArrayList.java:1541)
at org.testng.TestRunner.privateRun(TestRunner.java:794)
at org.testng.TestRunner.run(TestRunner.java:596)
at org.testng.SuiteRunner.runTest(SuiteRunner.java:377)
at org.testng.SuiteRunner.runSequentially(SuiteRunner.java:371)
at org.testng.SuiteRunner.privateRun(SuiteRunner.java:332)
at org.testng.SuiteRunner.run(SuiteRunner.java:276)
at org.testng.SuiteRunnerWorker.runSuite(SuiteRunnerWorker.java:53)
at org.testng.SuiteRunnerWorker.run(SuiteRunnerWorker.java:96)
at org.testng.TestNG.runSuitesSequentially(TestNG.java:1212)
at org.testng.TestNG.runSuitesLocally(TestNG.java:1134)
at org.testng.TestNG.runSuites(TestNG.java:1063)
at org.testng.TestNG.run(TestNG.java:1031)
at org.testng.remote.AbstractRemoteTestNG.run(AbstractRemoteTestNG.java:115)
at org.testng.remote.RemoteTestNG.initAndRun(RemoteTestNG.java:251)
at org.testng.remote.RemoteTestNG.main(RemoteTestNG.java:77)
]]>
    </failure>
  </testcase> <!-- @BeforeClass launchBrowser -->
  <testcase classname="kiteTest.ValidateKiteUserIdUsingProperty" name="@BeforeMethod loginToKiteApp" time="-1.657121726432E9">
    <skipped/>
  </testcase> <!-- @BeforeMethod loginToKiteApp -->
  <testcase classname="kiteTest.ValidateKiteUserIdUsingProperty" name="@AfterMethod logOutFromKite" time="-1.657121726438E9">
    <skipped/>
  </testcase> <!-- @AfterMethod logOutFromKite -->
  <testcase classname="kiteTest.ValidateKiteUserIdUsingProperty" name="@AfterClass closedBrowser" time="-1.65712172644E9">
    <skipped/>
  </testcase> <!-- @AfterClass closedBrowser -->
  <testcase classname="kiteTest.ValidateKiteUserIdUsingProperty" name="validateUserId" time="0.0">
    <skipped/>
  </testcase> <!-- validateUserId -->
</testsuite> <!-- Default test -->
