<?xml version="1.0" encoding="UTF-8"?>
<!-- Generated by org.testng.reporters.JUnitXMLReporter -->
<testsuite ignored="0" hostname="LAPTOP-DR7M9M5N" failures="0" tests="1" name="Test" time="0.076" errors="0" timestamp="2022-07-06T12:58:41 IST">
  <testcase classname="kiteTest.ValidateKiteUserIdUsingProperty" name="@BeforeMethod loginToKiteApp" time="0.002">
    <failure type="java.lang.NullPointerException">
      <![CDATA[java.lang.NullPointerException
at org.openqa.selenium.support.pagefactory.DefaultElementLocator.findElement(DefaultElementLocator.java:70)
at org.openqa.selenium.support.pagefactory.internal.LocatingElementHandler.invoke(LocatingElementHandler.java:39)
at com.sun.proxy.$Proxy16.sendKeys(Unknown Source)
at kitePOMUsingTestNg.KiteLogInPage.SendUserName(KiteLogInPage.java:29)
at kiteTest.ValidateKiteUserIdUsingProperty.loginToKiteApp(ValidateKiteUserIdUsingProperty.java:54)
at java.base/java.util.ArrayList.forEach(ArrayList.java:1541)
... Removed 31 stack frames]]>
    </failure>
  </testcase> <!-- @BeforeMethod loginToKiteApp -->
  <testcase classname="kiteTest.ValidateKiteUserIdUsingProperty" name="@AfterMethod logOutFromKite" time="-1.657092521064E9">
    <skipped/>
  </testcase> <!-- @AfterMethod logOutFromKite -->
  <testcase classname="kiteTest.ValidateKiteUserIdUsingProperty" name="@AfterClass closedBrowser" time="-1.657092521066E9">
    <skipped/>
  </testcase> <!-- @AfterClass closedBrowser -->
  <testcase classname="kiteTest.ValidateKiteUserIdUsingProperty" name="validateUserId" time="0.0">
    <skipped/>
  </testcase> <!-- validateUserId -->
</testsuite> <!-- Test -->
